<?xml version="1.0" encoding="UTF-8"?>
<!-- Generated by org.testng.reporters.JUnitReportReporter -->
<testsuite hostname="PRATIK" failures="0" tests="1" name="PomWithPageFactoryPractice.RegistrationTest" time="4.392" errors="0" timestamp="2022-09-30T16:25:13 IST" skipped="0">
  <testcase classname="PomWithPageFactoryPractice.RegistrationTest" name="FacebookRegistrationPageTest_Positive" time="4.392"/>
  <system-out/>
</testsuite> <!-- PomWithPageFactoryPractice.RegistrationTest -->
