<?xml version="1.0" encoding="UTF-8"?>
<!-- Generated by org.testng.reporters.JUnitReportReporter -->
<testsuite hostname="PRATIK" failures="0" tests="3" name="TestAnnotationPractice.TestCase2" time="0.017" errors="0" timestamp="2022-09-22T14:10:56 IST" skipped="0">
  <testcase classname="TestAnnotationPractice.TestCase2" name="m6" time="0.002"/>
  <system-out/>
  <testcase classname="TestAnnotationPractice.TestCase2" name="m4" time="0.009"/>
  <system-out/>
  <testcase classname="TestAnnotationPractice.TestCase2" name="m5" time="0.006"/>
  <system-out/>
</testsuite> <!-- TestAnnotationPractice.TestCase2 -->
