<?xml version="1.0" encoding="UTF-8"?>
<!-- Generated by org.testng.reporters.JUnitReportReporter -->
<testsuite hostname="PRATIK" failures="0" tests="3" name="GroupingPractice.TestCase3" time="0.011" errors="0" timestamp="2022-09-23T14:04:45 IST" skipped="0">
  <testcase classname="GroupingPractice.TestCase3" name="Test8" time="0.006"/>
  <system-out/>
  <testcase classname="GroupingPractice.TestCase3" name="Test9" time="0.003"/>
  <system-out/>
  <testcase classname="GroupingPractice.TestCase3" name="Test7" time="0.002"/>
  <system-out/>
</testsuite> <!-- GroupingPractice.TestCase3 -->
