<?xml version="1.0" encoding="UTF-8"?>
<!-- Generated by org.testng.reporters.JUnitReportReporter -->
<testsuite hostname="PRATIK" failures="0" tests="6" name="KeywordPractice.InvocationCountPractice" time="0.040" errors="0" timestamp="2022-09-22T15:28:17 IST" skipped="0">
  <testcase classname="KeywordPractice.InvocationCountPractice" name="homepage" time="0.014"/>
  <system-out/>
  <testcase classname="KeywordPractice.InvocationCountPractice" name="notification" time="0.007"/>
  <system-out/>
  <testcase classname="KeywordPractice.InvocationCountPractice" name="notification" time="0.006"/>
  <system-out/>
  <testcase classname="KeywordPractice.InvocationCountPractice" name="notification" time="0.004"/>
  <system-out/>
  <testcase classname="KeywordPractice.InvocationCountPractice" name="notification" time="0.006"/>
  <system-out/>
  <testcase classname="KeywordPractice.InvocationCountPractice" name="notification" time="0.003"/>
  <system-out/>
</testsuite> <!-- KeywordPractice.InvocationCountPractice -->
