<?xml version="1.0" encoding="UTF-8"?>
<!-- Generated by org.testng.reporters.JUnitReportReporter -->
<testsuite hostname="PRATIK" failures="0" tests="6" name="ParameterizationCrossBrowserPractice.AllBrowsers" time="10.793" errors="0" timestamp="2022-09-28T12:58:21 IST" skipped="0">
  <testcase classname="ParameterizationCrossBrowserPractice.AllBrowsers" name="CrossBrowserTesting" time="10.282"/>
  <system-out/>
  <testcase classname="ParameterizationCrossBrowserPractice.AllBrowsers" name="VerifyCurrentUrl" time="0.027"/>
  <system-out/>
  <testcase classname="ParameterizationCrossBrowserPractice.AllBrowsers" name="VerifyPageTitle" time="0.019"/>
  <system-out/>
  <testcase classname="ParameterizationCrossBrowserPractice.AllBrowsers" name="VerifyUsernameField" time="0.195"/>
  <system-out/>
  <testcase classname="ParameterizationCrossBrowserPractice.AllBrowsers" name="VerifyPasswordField" time="0.167"/>
  <system-out/>
  <testcase classname="ParameterizationCrossBrowserPractice.AllBrowsers" name="VerifyLoginBtn" time="0.103"/>
  <system-out/>
</testsuite> <!-- ParameterizationCrossBrowserPractice.AllBrowsers -->
