<?xml version="1.0" encoding="UTF-8"?>
<!-- Generated by org.testng.reporters.JUnitReportReporter -->
<testsuite hostname="PRATIK" failures="0" tests="3" name="KeywordPractice.EnabledKeywordPractice" time="0.012" errors="0" timestamp="2022-09-22T15:37:53 IST" skipped="2">
  <testcase classname="KeywordPractice.EnabledKeywordPractice" name="homepage" time="0.012"/>
  <system-out/>
  <testcase classname="KeywordPractice.EnabledKeywordPractice" name="Settingpagetest">
    <skipped/>
  </testcase> <!-- Settingpagetest -->
  <system-out/>
  <testcase classname="KeywordPractice.EnabledKeywordPractice" name="notification">
    <skipped/>
  </testcase> <!-- notification -->
  <system-out/>
</testsuite> <!-- KeywordPractice.EnabledKeywordPractice -->
