<?xml version="1.0" encoding="UTF-8"?>
<!-- Generated by org.testng.reporters.JUnitReportReporter -->
<testsuite hostname="PRATIK" failures="0" tests="3" name="TestNGBasics.BeforeAfterMethodPractice" time="0.035" errors="0" timestamp="2022-09-20T13:16:36 IST" skipped="0">
  <testcase classname="TestNGBasics.BeforeAfterMethodPractice" name="homepage" time="0.013"/>
  <system-out>
    <![CDATA[Checking the homepage]]>
  </system-out>
  <testcase classname="TestNGBasics.BeforeAfterMethodPractice" name="notificationpage" time="0.008"/>
  <system-out>
    <![CDATA[Checking the notificationpage]]>
  </system-out>
  <testcase classname="TestNGBasics.BeforeAfterMethodPractice" name="profilepage" time="0.014"/>
  <system-out>
    <![CDATA[Checking the profilepage]]>
  </system-out>
</testsuite> <!-- TestNGBasics.BeforeAfterMethodPractice -->
