<?xml version="1.0" encoding="UTF-8"?>
<!-- Generated by org.testng.reporters.JUnitReportReporter -->
<testsuite hostname="PRATIK" failures="0" tests="3" name="TestNGBasics.Introduction" time="0.027" errors="0" timestamp="2022-09-19T10:27:53 IST" skipped="0">
  <testcase classname="TestNGBasics.Introduction" name="OpenUrl" time="0.016"/>
  <system-out/>
  <testcase classname="TestNGBasics.Introduction" name="LogOut" time="0.007"/>
  <system-out/>
  <testcase classname="TestNGBasics.Introduction" name="Login" time="0.004"/>
  <system-out/>
</testsuite> <!-- TestNGBasics.Introduction -->
