<?xml version="1.0" encoding="UTF-8"?>
<!-- Generated by org.testng.reporters.JUnitReportReporter -->
<testsuite hostname="PRATIK" failures="0" tests="1" name="PomWithPageFactoryPractice.ByjusLoginTest" time="1.479" errors="0" timestamp="2022-10-13T17:20:25 IST" skipped="0">
  <testcase classname="PomWithPageFactoryPractice.ByjusLoginTest" name="ByjusLoginTestCase" time="1.479"/>
  <system-out/>
</testsuite> <!-- PomWithPageFactoryPractice.ByjusLoginTest -->
