<?xml version="1.0" encoding="UTF-8"?>
<!-- Generated by org.testng.reporters.JUnitReportReporter -->
<testsuite hostname="PRATIK" failures="0" tests="1" name="PomWithPageFactoryPractice.LoginTest" time="3.527" errors="0" timestamp="2022-10-08T18:10:12 IST" skipped="0">
  <testcase classname="PomWithPageFactoryPractice.LoginTest" name="FacebookLoginPageTest" time="3.527"/>
  <system-out>
    <![CDATA[VerifyFacebookLoginPageFBlogo
VerifyFacebookLoginPageTitle
VerifyFacebookLoginPageCreateNewAccount
VerifyFacebookLoginPageForgotPassword
VerifyFacebookLoginPageFooterLinksSize
SetFacebookLoginPageEmailorMobno
SetFacebookLoginPagePassword
ClickFacebookLoginPageLoginButton]]>
  </system-out>
</testsuite> <!-- PomWithPageFactoryPractice.LoginTest -->
