<?xml version="1.0" encoding="UTF-8"?>
<!-- Generated by org.testng.reporters.JUnitReportReporter -->
<testsuite hostname="PRATIK" failures="0" tests="3" name="TestNGBasics.ClassAnnotationsPractice" time="0.015" errors="0" timestamp="2022-09-20T13:25:39 IST" skipped="0">
  <testcase classname="TestNGBasics.ClassAnnotationsPractice" name="homepage" time="0.010"/>
  <system-out>
    <![CDATA[Checking the homepage]]>
  </system-out>
  <testcase classname="TestNGBasics.ClassAnnotationsPractice" name="notificationpage" time="0.003"/>
  <system-out>
    <![CDATA[Checking the notificationpage]]>
  </system-out>
  <testcase classname="TestNGBasics.ClassAnnotationsPractice" name="profilepage" time="0.002"/>
  <system-out>
    <![CDATA[Checking the profilepage]]>
  </system-out>
</testsuite> <!-- TestNGBasics.ClassAnnotationsPractice -->
