<?xml version="1.0" encoding="UTF-8"?>
<!-- Generated by org.testng.reporters.JUnitReportReporter -->
<testsuite hostname="PRATIK" failures="0" tests="5" name="KeywordPractice.InvocationCountWithThreadPoolSizePractice" time="428.635" errors="0" timestamp="2022-09-22T16:16:04 IST" skipped="0">
  <testcase classname="KeywordPractice.InvocationCountWithThreadPoolSizePractice" name="OpenBrowser" time="82.024"/>
  <system-out/>
  <testcase classname="KeywordPractice.InvocationCountWithThreadPoolSizePractice" name="OpenBrowser" time="85.488"/>
  <system-out/>
  <testcase classname="KeywordPractice.InvocationCountWithThreadPoolSizePractice" name="OpenBrowser" time="90.085"/>
  <system-out/>
  <testcase classname="KeywordPractice.InvocationCountWithThreadPoolSizePractice" name="OpenBrowser" time="81.976"/>
  <system-out/>
  <testcase classname="KeywordPractice.InvocationCountWithThreadPoolSizePractice" name="OpenBrowser" time="89.062"/>
  <system-out/>
</testsuite> <!-- KeywordPractice.InvocationCountWithThreadPoolSizePractice -->
