<?xml version="1.0" encoding="UTF-8"?>
<!-- Generated by org.testng.reporters.JUnitReportReporter -->
<testsuite hostname="PRATIK" failures="0" tests="3" name="GroupingPractice.TestCase1" time="0.020" errors="0" timestamp="2022-09-23T14:04:45 IST" skipped="0">
  <testcase classname="GroupingPractice.TestCase1" name="Test1" time="0.011"/>
  <system-out/>
  <testcase classname="GroupingPractice.TestCase1" name="Test2" time="0.002"/>
  <system-out/>
  <testcase classname="GroupingPractice.TestCase1" name="Test3" time="0.007"/>
  <system-out/>
</testsuite> <!-- GroupingPractice.TestCase1 -->
