<?xml version="1.0" encoding="UTF-8"?>
<!-- Generated by org.testng.reporters.JUnitReportReporter -->
<testsuite hostname="PRATIK" failures="0" tests="12" name="ParameterizationCrossBrowserPractice.CrossBrowserPractice" time="94.868" errors="0" timestamp="2022-09-28T13:07:10 IST" skipped="0">
  <testcase classname="ParameterizationCrossBrowserPractice.CrossBrowserPractice" name="sample" time="36.665"/>
  <system-out/>
  <testcase classname="ParameterizationCrossBrowserPractice.CrossBrowserPractice" name="sample" time="55.397"/>
  <system-out/>
  <testcase classname="ParameterizationCrossBrowserPractice.CrossBrowserPractice" name="verifyCurrentUrl" time="0.010"/>
  <system-out/>
  <testcase classname="ParameterizationCrossBrowserPractice.CrossBrowserPractice" name="verifyCurrentUrl" time="0.029"/>
  <system-out/>
  <testcase classname="ParameterizationCrossBrowserPractice.CrossBrowserPractice" name="verifyTitle" time="0.021"/>
  <system-out/>
  <testcase classname="ParameterizationCrossBrowserPractice.CrossBrowserPractice" name="verifyTitle" time="0.015"/>
  <system-out/>
  <testcase classname="ParameterizationCrossBrowserPractice.CrossBrowserPractice" name="verifyUsername" time="0.372"/>
  <system-out/>
  <testcase classname="ParameterizationCrossBrowserPractice.CrossBrowserPractice" name="verifyUsername" time="0.347"/>
  <system-out/>
  <testcase classname="ParameterizationCrossBrowserPractice.CrossBrowserPractice" name="verifyPassword" time="0.512"/>
  <system-out/>
  <testcase classname="ParameterizationCrossBrowserPractice.CrossBrowserPractice" name="verifyPassword" time="0.229"/>
  <system-out/>
  <testcase classname="ParameterizationCrossBrowserPractice.CrossBrowserPractice" name="clickLoginBtn" time="0.905"/>
  <system-out/>
  <testcase classname="ParameterizationCrossBrowserPractice.CrossBrowserPractice" name="clickLoginBtn" time="0.366"/>
  <system-out/>
</testsuite> <!-- ParameterizationCrossBrowserPractice.CrossBrowserPractice -->
