<?xml version="1.0" encoding="UTF-8"?>
<!-- Generated by org.testng.reporters.JUnitReportReporter -->
<testsuite hostname="PRATIK" failures="0" tests="1" name="KeywordPractice.sample" time="48.024" errors="0" timestamp="2022-09-27T15:13:55 IST" skipped="0">
  <testcase classname="KeywordPractice.sample" name="sample" time="48.024"/>
  <system-out/>
</testsuite> <!-- KeywordPractice.sample -->
